2025.10.13 14:49:55 INFO  Started: Metals version 1.6.2 in folders '/home/grottenolm/HTWG/se/durak_ronny' for client Neovim 0.11.4+v0.11.4.[0m
2025.10.13 14:49:56 INFO  no build target found for /home/grottenolm/HTWG/se/durak_ronny/src/main/scala/Main.scala. Using presentation compiler with project's scala-library version: 3.3.6[0m
2025.10.13 14:50:01 INFO  running '/usr/bin/sbt -Dbloop.export-jar-classifiers=sources bloopInstall'[0m
2025.10.13 14:50:01 ERROR WARNING: A terminally deprecated method in sun.misc.Unsafe has been called[0m
2025.10.13 14:50:01 ERROR WARNING: sun.misc.Unsafe::objectFieldOffset has been called by scala.runtime.LazyVals$ (file:/usr/share/sbt/bin/sbt-launch.jar)[0m
2025.10.13 14:50:01 ERROR WARNING: Please consider reporting this to the maintainers of class scala.runtime.LazyVals$[0m
2025.10.13 14:50:01 ERROR WARNING: sun.misc.Unsafe::objectFieldOffset will be removed in a future release[0m
2025.10.13 14:50:01 ERROR WARNING: A terminally deprecated method in sun.misc.Unsafe has been called[0m
2025.10.13 14:50:01 ERROR WARNING: sun.misc.Unsafe::objectFieldOffset has been called by scala.runtime.LazyVals$ (file:/usr/share/sbt/bin/sbt-launch.jar)[0m
2025.10.13 14:50:01 ERROR WARNING: Please consider reporting this to the maintainers of class scala.runtime.LazyVals$[0m
2025.10.13 14:50:01 ERROR WARNING: sun.misc.Unsafe::objectFieldOffset will be removed in a future release[0m
2025.10.13 14:50:01 ERROR WARNING: A restricted method in java.lang.System has been called[0m
2025.10.13 14:50:01 ERROR WARNING: java.lang.System::load has been called by com.sun.jna.Native in an unnamed module (file:/home/grottenolm/.sbt/boot/scala-2.12.20/org.scala-sbt/sbt/1.11.7/jna-5.12.0.jar)[0m
2025.10.13 14:50:01 ERROR WARNING: Use --enable-native-access=ALL-UNNAMED to avoid a warning for callers in this module[0m
2025.10.13 14:50:01 ERROR WARNING: Restricted methods will be blocked in a future release unless native access is enabled[0m
2025.10.13 14:50:01 ERROR [0m
2025.10.13 14:50:02 INFO  [info] welcome to sbt 1.11.7 (Arch Linux Java 25.0.1)[0m
2025.10.13 14:50:04 INFO  [info] loading settings for project durak_ronny-build-build from metals.sbt...[0m
2025.10.13 14:50:04 INFO  [info] loading project definition from /home/grottenolm/HTWG/se/durak_ronny/project/project[0m
2025.10.13 14:50:05 INFO  [info] loading settings for project durak_ronny-build from metals.sbt...[0m
2025.10.13 14:50:05 INFO  [info] loading project definition from /home/grottenolm/HTWG/se/durak_ronny/project[0m
2025.10.13 14:50:07 INFO  [success] Generated .bloop/durak_ronny-build.json[0m
2025.10.13 14:50:07 INFO  [success] Total time: 1 s, completed 13.10.2025, 14:50:07[0m
2025.10.13 14:50:07 INFO  [info] loading settings for project root from build.sbt...[0m
2025.10.13 14:50:07 INFO  [info] set current project to durak_ronny (in build file:/home/grottenolm/HTWG/se/durak_ronny/)[0m
2025.10.13 14:50:08 INFO  [success] Generated .bloop/root.json[0m
2025.10.13 14:50:08 INFO  [success] Generated .bloop/root-test.json[0m
2025.10.13 14:50:08 INFO  [success] Total time: 0 s, completed 13.10.2025, 14:50:08[0m
2025.10.13 14:50:08 INFO  time: ran 'sbt bloopInstall' in 7.8s[0m
2025.10.13 14:50:08 INFO  Attempting to connect to the build server...[0m
2025.10.13 14:50:08 INFO  Found a Bloop server running[0m
2025.10.13 14:50:09 INFO  tracing is disabled for protocol BSP, to enable tracing of incoming and outgoing JSON messages create an empty file at /home/grottenolm/HTWG/se/durak_ronny/.metals/bsp.trace.json or /home/grottenolm/.cache/metals/bsp.trace.json[0m
2025.10.13 14:50:09 INFO  Attempting to connect to the build server...[0m
2025.10.13 14:50:09 INFO  Found a Bloop server running[0m
2025.10.13 14:50:09 INFO  tracing is disabled for protocol BSP, to enable tracing of incoming and outgoing JSON messages create an empty file at /home/grottenolm/HTWG/se/durak_ronny/project/.metals/bsp.trace.json or /home/grottenolm/.cache/metals/bsp.trace.json[0m
2025.10.13 14:50:09 INFO  time: Connected to build server in 0.29s[0m
2025.10.13 14:50:09 INFO  Connected to Build server: Bloop v2.0.13[0m
2025.10.13 14:50:11 WARN  Could not find java sources in /usr/lib/jvm/src.zip, /usr/lib/jvm/lib/src.zip, /usr/lib/jvm/java-25-openjdk/src.zip, /usr/lib/jvm/java-25-openjdk/lib/src.zip. Java symbols will not be available.[0m
2025.10.13 14:50:14 INFO  time: indexed workspace in 4.72s[0m
2025.10.13 14:50:14 INFO  compiling root (1 scala source)[0m
2025.10.13 14:50:16 INFO  compiling root-test (1 scala source)[0m
2025.10.13 14:50:16 INFO  time: compiled root in 2.48s[0m
2025.10.13 14:50:16 INFO  time: compiled root-test in 0.83s[0m
Exception in thread "pool-7-thread-1" java.lang.InterruptedException
	at scala.meta.internal.metals.FutureCancelToken.checkCanceled(FutureCancelToken.scala:29)
	at scala.meta.internal.pc.CompilerAccess.onCompilerJobQueue$$anonfun$1(CompilerAccess.scala:208)
	at scala.meta.internal.pc.CompilerJobQueue$Job.run(CompilerJobQueue.scala:153)
	at java.base/java.util.concurrent.ThreadPoolExecutor.runWorker(ThreadPoolExecutor.java:1090)
	at java.base/java.util.concurrent.ThreadPoolExecutor$Worker.run(ThreadPoolExecutor.java:614)
	at java.base/java.lang.Thread.run(Thread.java:1474)
2025.10.13 14:51:05 INFO  Shutting down server[0m
2025.10.13 14:51:05 INFO  shutting down Metals[0m
2025.10.13 14:51:05 INFO  Shut down connection with build server.[0m
2025.10.13 14:51:05 INFO  Shut down connection with build server.[0m
2025.10.13 14:51:40 INFO  Started: Metals version 1.6.2 in folders '/home/grottenolm/HTWG/se/durak_ronny' for client Code - OSS 1.104.2.
2025.10.13 14:51:41 INFO  Attempting to connect to the build server...
2025.10.13 14:51:41 INFO  Found a Bloop server running
2025.10.13 14:51:41 INFO  tracing is disabled for protocol BSP, to enable tracing of incoming and outgoing JSON messages create an empty file at /home/grottenolm/HTWG/se/durak_ronny/.metals/bsp.trace.json or /home/grottenolm/.cache/metals/bsp.trace.json
2025.10.13 14:51:41 INFO  Attempting to connect to the build server...
2025.10.13 14:51:41 INFO  Found a Bloop server running
2025.10.13 14:51:41 INFO  tracing is disabled for protocol BSP, to enable tracing of incoming and outgoing JSON messages create an empty file at /home/grottenolm/HTWG/se/durak_ronny/project/.metals/bsp.trace.json or /home/grottenolm/.cache/metals/bsp.trace.json
2025.10.13 14:51:41 INFO  time: Connected to build server in 0.36s
2025.10.13 14:51:41 INFO  Connected to Build server: Bloop v2.0.13
2025.10.13 14:51:44 WARN  Could not find java sources in /usr/lib/jvm/src.zip, /usr/lib/jvm/lib/src.zip, /usr/lib/jvm/java-25-openjdk/src.zip, /usr/lib/jvm/java-25-openjdk/lib/src.zip. Java symbols will not be available.
2025.10.13 14:51:44 INFO  time: indexed workspace in 3.12s
2025.10.13 14:52:14 INFO  time: evaluated worksheet 'durak.worksheet.sc' in 0.27s
2025.10.13 14:52:25 INFO  time: evaluated worksheet 'durak.worksheet.sc' in 0.77s
2025.10.13 14:52:30 INFO  time: evaluated worksheet 'durak.worksheet.sc' in 0.51s
[31merror[39m: src/main/scala/durak.worksheet.sc:2:1: 
Not found: a
a = 100;
^
2025.10.13 14:52:41 INFO  time: evaluated worksheet 'durak.worksheet.sc' in 0.21s
2025.10.13 14:53:04 INFO  time: evaluated worksheet 'durak.worksheet.sc' in 0.53s
2025.10.13 14:53:10 INFO  Shutting down server
2025.10.13 14:53:10 INFO  shutting down Metals
2025.10.13 14:53:10 INFO  Shut down connection with build server.
2025.10.13 14:53:10 INFO  Shut down connection with build server.
2025.10.13 14:53:10 INFO  Exiting server
2025.10.13 14:53:24 INFO  Started: Metals version 1.6.2 in folders '/home/grottenolm/HTWG/se/durak_ronny' for client Neovim 0.11.4+v0.11.4.[0m
2025.10.13 14:53:25 INFO  no build target found for /home/grottenolm/HTWG/se/durak_ronny/src/main/scala/durak.worksheet.sc. Using presentation compiler with project's scala-library version: 3.3.6[0m
2025.10.13 14:53:25 INFO  Attempting to connect to the build server...[0m
2025.10.13 14:53:25 INFO  Found a Bloop server running[0m
2025.10.13 14:53:26 INFO  tracing is disabled for protocol BSP, to enable tracing of incoming and outgoing JSON messages create an empty file at /home/grottenolm/HTWG/se/durak_ronny/.metals/bsp.trace.json or /home/grottenolm/.cache/metals/bsp.trace.json[0m
2025.10.13 14:53:25 INFO  Attempting to connect to the build server...[0m
2025.10.13 14:53:25 INFO  Found a Bloop server running[0m
2025.10.13 14:53:26 INFO  no build target found for /home/grottenolm/HTWG/se/durak_ronny/src/main/scala/durak.worksheet.sc. Using presentation compiler with project's scala-library version: 3.3.6[0m
2025.10.13 14:53:26 WARN  no build target for: /home/grottenolm/HTWG/se/durak_ronny/src/main/scala/durak.worksheet.sc[0m
2025.10.13 14:53:26 INFO  tracing is disabled for protocol BSP, to enable tracing of incoming and outgoing JSON messages create an empty file at /home/grottenolm/HTWG/se/durak_ronny/project/.metals/bsp.trace.json or /home/grottenolm/.cache/metals/bsp.trace.json[0m
2025.10.13 14:53:26 INFO  time: Connected to build server in 0.42s[0m
2025.10.13 14:53:26 INFO  Connected to Build server: Bloop v2.0.13[0m
2025.10.13 14:53:26 INFO  time: Imported build in 0.11s[0m
2025.10.13 14:53:29 WARN  Could not find java sources in /usr/lib/jvm/src.zip, /usr/lib/jvm/lib/src.zip, /usr/lib/jvm/java-25-openjdk/src.zip, /usr/lib/jvm/java-25-openjdk/lib/src.zip. Java symbols will not be available.[0m
2025.10.13 14:53:29 INFO  time: indexed workspace in 2.73s[0m
2025.10.13 14:53:30 INFO  time: evaluated worksheet 'durak.worksheet.sc' in 4.71s[0m
Okt. 13, 2025 2:53:30 PM org.eclipse.lsp4j.jsonrpc.RemoteEndpoint handleCancellation
WARNUNG: Unmatched cancel notification for request id 2
Resolving package/object name conflict in favor of package scala.caps. The object will be inaccessible.
2025.10.13 14:53:34 INFO  time: evaluated worksheet 'durak.worksheet.sc' in 3.66s[0m
2025.10.13 14:53:35 INFO  time: evaluated worksheet 'durak.worksheet.sc' in 0.73s[0m
Exception in thread "pool-12-thread-1" java.lang.InterruptedException
	at scala.meta.internal.metals.FutureCancelToken.checkCanceled(FutureCancelToken.scala:29)
	at scala.meta.internal.pc.CompilerAccess.onCompilerJobQueue$$anonfun$1(CompilerAccess.scala:208)
	at scala.meta.internal.pc.CompilerJobQueue$Job.run(CompilerJobQueue.scala:153)
	at java.base/java.util.concurrent.ThreadPoolExecutor.runWorker(ThreadPoolExecutor.java:1090)
	at java.base/java.util.concurrent.ThreadPoolExecutor$Worker.run(ThreadPoolExecutor.java:614)
	at java.base/java.lang.Thread.run(Thread.java:1474)
2025.10.13 14:53:39 INFO  time: evaluated worksheet 'durak.worksheet.sc' in 0.42s[0m
2025.10.13 14:53:40 INFO  time: evaluated worksheet 'durak.worksheet.sc' in 0.36s[0m
2025.10.13 14:53:40 INFO  time: evaluated worksheet 'durak.worksheet.sc' in 0.34s[0m
2025.10.13 14:53:46 INFO  time: evaluated worksheet 'durak.worksheet.sc' in 0.32s[0m
2025.10.13 14:53:46 INFO  time: evaluated worksheet 'durak.worksheet.sc' in 0.27s[0m
2025.10.13 14:54:57 INFO  time: evaluated worksheet 'durak.worksheet.sc' in 0.25s[0m
2025.10.13 14:55:09 INFO  Shutting down server[0m
2025.10.13 14:55:09 INFO  shutting down Metals[0m
2025.10.13 14:55:09 INFO  Shut down connection with build server.[0m
2025.10.13 14:55:09 INFO  Shut down connection with build server.[0m
2025.10.13 14:59:26 INFO  Started: Metals version 1.6.2 in folders '/home/grottenolm/HTWG/se/durak_ronny' for client Neovim 0.11.4+v0.11.4.[0m
2025.10.13 14:59:27 INFO  no build target found for /home/grottenolm/HTWG/se/durak_ronny/src/main/scala/durak.worksheet.sc. Using presentation compiler with project's scala-library version: 3.3.6[0m
2025.10.13 14:59:27 INFO  Attempting to connect to the build server...[0m
2025.10.13 14:59:27 INFO  Found a Bloop server running[0m
2025.10.13 14:59:27 INFO  tracing is disabled for protocol BSP, to enable tracing of incoming and outgoing JSON messages create an empty file at /home/grottenolm/HTWG/se/durak_ronny/.metals/bsp.trace.json or /home/grottenolm/.cache/metals/bsp.trace.json[0m
2025.10.13 14:59:27 INFO  Attempting to connect to the build server...[0m
2025.10.13 14:59:27 INFO  Found a Bloop server running[0m
2025.10.13 14:59:27 INFO  tracing is disabled for protocol BSP, to enable tracing of incoming and outgoing JSON messages create an empty file at /home/grottenolm/HTWG/se/durak_ronny/project/.metals/bsp.trace.json or /home/grottenolm/.cache/metals/bsp.trace.json[0m
2025.10.13 14:59:27 INFO  time: Connected to build server in 0.41s[0m
2025.10.13 14:59:27 INFO  Connected to Build server: Bloop v2.0.13[0m
2025.10.13 14:59:27 INFO  time: Imported build in 0.1s[0m
2025.10.13 14:59:30 WARN  Could not find java sources in /usr/lib/jvm/src.zip, /usr/lib/jvm/lib/src.zip, /usr/lib/jvm/java-25-openjdk/src.zip, /usr/lib/jvm/java-25-openjdk/lib/src.zip. Java symbols will not be available.[0m
2025.10.13 14:59:30 INFO  time: indexed workspace in 3.13s[0m
2025.10.13 14:59:33 INFO  time: evaluated worksheet 'durak.worksheet.sc' in 4.58s[0m
Okt. 13, 2025 2:59:33 PM org.eclipse.lsp4j.jsonrpc.RemoteEndpoint handleCancellation
WARNUNG: Unmatched cancel notification for request id 2
2025.10.13 14:59:34 INFO  time: evaluated worksheet 'durak.worksheet.sc' in 0.69s[0m
2025.10.13 14:59:34 INFO  time: evaluated worksheet 'durak.worksheet.sc' in 0.55s[0m
Exception in thread "pool-10-thread-1" java.lang.InterruptedException
	at scala.meta.internal.metals.FutureCancelToken.checkCanceled(FutureCancelToken.scala:29)
	at scala.meta.internal.pc.CompilerAccess.onCompilerJobQueue$$anonfun$1(CompilerAccess.scala:208)
	at scala.meta.internal.pc.CompilerJobQueue$Job.run(CompilerJobQueue.scala:153)
	at java.base/java.util.concurrent.ThreadPoolExecutor.runWorker(ThreadPoolExecutor.java:1090)
	at java.base/java.util.concurrent.ThreadPoolExecutor$Worker.run(ThreadPoolExecutor.java:614)
	at java.base/java.lang.Thread.run(Thread.java:1474)
2025.10.13 15:03:14 INFO  Started: Metals version 1.6.2 in folders '/home/grottenolm/HTWG/se/durak_ronny' for client Neovim 0.11.4+v0.11.4.[0m
2025.10.13 15:03:14 INFO  no build target found for /home/grottenolm/HTWG/se/durak_ronny/src/main/scala/durak.worksheet.sc. Using presentation compiler with project's scala-library version: 3.3.6[0m
2025.10.13 15:03:14 INFO  Attempting to connect to the build server...[0m
2025.10.13 15:03:14 INFO  Found a Bloop server running[0m
2025.10.13 15:03:15 INFO  tracing is disabled for protocol BSP, to enable tracing of incoming and outgoing JSON messages create an empty file at /home/grottenolm/HTWG/se/durak_ronny/.metals/bsp.trace.json or /home/grottenolm/.cache/metals/bsp.trace.json[0m
2025.10.13 15:03:15 INFO  Attempting to connect to the build server...[0m
2025.10.13 15:03:15 INFO  Found a Bloop server running[0m
2025.10.13 15:03:15 INFO  tracing is disabled for protocol BSP, to enable tracing of incoming and outgoing JSON messages create an empty file at /home/grottenolm/HTWG/se/durak_ronny/project/.metals/bsp.trace.json or /home/grottenolm/.cache/metals/bsp.trace.json[0m
2025.10.13 15:03:15 INFO  time: Connected to build server in 0.36s[0m
2025.10.13 15:03:15 INFO  Connected to Build server: Bloop v2.0.13[0m
2025.10.13 15:03:17 INFO  time: evaluated worksheet 'durak.worksheet.sc' in 0.72s[0m
2025.10.13 15:03:20 INFO  Created report: Optional[file:///home/grottenolm/HTWG/se/durak_ronny/jar:file:/usr/lib/jvm/java-24-jdk/lib/src.zip!/jdk.javadoc/jdk/javadoc/internal/doclets/formats/html/HtmlConfiguration.java][0m
2025.10.13 15:03:20 INFO  Java indexer failed with and exception. (full report at: "/home/grottenolm/HTWG/se/durak_ronny/.metals/.reports/metals-full/2025-10-13/r_failed-idex-java_15-03-20-691.md")[0m
2025.10.13 15:03:21 INFO  time: evaluated worksheet 'durak.worksheet.sc' in 5.07s[0m
Okt. 13, 2025 3:03:21 PM org.eclipse.lsp4j.jsonrpc.RemoteEndpoint handleCancellation
WARNUNG: Unmatched cancel notification for request id 2
2025.10.13 15:03:21 INFO  time: evaluated worksheet 'durak.worksheet.sc' in 0.84s[0m
Exception in thread "pool-10-thread-1" java.lang.InterruptedException
	at scala.meta.internal.metals.FutureCancelToken.checkCanceled(FutureCancelToken.scala:29)
	at scala.meta.internal.pc.CompilerAccess.onCompilerJobQueue$$anonfun$1(CompilerAccess.scala:208)
	at scala.meta.internal.pc.CompilerJobQueue$Job.run(CompilerJobQueue.scala:153)
	at java.base/java.util.concurrent.ThreadPoolExecutor.runWorker(ThreadPoolExecutor.java:1095)
	at java.base/java.util.concurrent.ThreadPoolExecutor$Worker.run(ThreadPoolExecutor.java:619)
	at java.base/java.lang.Thread.run(Thread.java:1447)
2025.10.13 15:03:25 INFO  time: indexed workspace in 10s[0m
2025.10.13 15:03:26 INFO  time: evaluated worksheet 'durak.worksheet.sc' in 0.46s[0m
2025.10.13 15:03:28 INFO  time: evaluated worksheet 'durak.worksheet.sc' in 0.49s[0m
2025.10.13 15:04:06 INFO  time: evaluated worksheet 'durak.worksheet.sc' in 0.46s[0m
2025.10.13 15:04:06 INFO  time: evaluated worksheet 'durak.worksheet.sc' in 0.52s[0m
2025.10.13 15:04:06 INFO  time: evaluated worksheet 'durak.worksheet.sc' in 0.34s[0m
2025.10.13 15:04:19 INFO  Disconnecting from Bloop session...[0m
2025.10.13 15:04:19 INFO  Shut down connection with build server.[0m
2025.10.13 15:04:19 INFO  Shut down connection with build server.[0m
2025.10.13 15:04:19 INFO  [0m[31m[E][0m Caught java.lang.InterruptedException[0m
2025.10.13 15:04:19 INFO  [0m[31m[E][0m Caught java.lang.InterruptedException[0m
2025.10.13 15:04:19 ERROR Bloop 'bsp' command exited with code 1. Something may be wrong with the current configuration.
Running the [1mclean[0m sub-command to clear the working directory and remove caches might help.
If the error persists, please report the issue as a bug and attach a log with increased verbosity by passing [1m-v -v -v[0m.[0m
2025.10.13 15:04:19 ERROR Bloop 'bsp' command exited with code 1. Something may be wrong with the current configuration.
Running the [1mclean[0m sub-command to clear the working directory and remove caches might help.
If the error persists, please report the issue as a bug and attach a log with increased verbosity by passing [1m-v -v -v[0m.[0m
2025.10.13 15:04:19 INFO  No running Bloop server found, starting one.[0m
2025.10.13 15:04:19 INFO  No running Bloop server found, starting one.[0m
2025.10.13 15:04:19 INFO  Attempting to connect to the build server...[0m
2025.10.13 15:04:19 INFO  No running Bloop server found, starting one.[0m
2025.10.13 15:04:19 INFO  Starting compilation server[0m
2025.10.13 15:04:19 INFO  Starting compilation server[0m
2025.10.13 15:04:19 INFO  Starting compilation server[0m
2025.10.13 15:04:20 INFO  tracing is disabled for protocol BSP, to enable tracing of incoming and outgoing JSON messages create an empty file at /home/grottenolm/HTWG/se/durak_ronny/.metals/bsp.trace.json or /home/grottenolm/.cache/metals/bsp.trace.json[0m
2025.10.13 15:04:20 INFO  tracing is disabled for protocol BSP, to enable tracing of incoming and outgoing JSON messages create an empty file at /home/grottenolm/HTWG/se/durak_ronny/.metals/bsp.trace.json or /home/grottenolm/.cache/metals/bsp.trace.json[0m
2025.10.13 15:04:20 INFO  tracing is disabled for protocol BSP, to enable tracing of incoming and outgoing JSON messages create an empty file at /home/grottenolm/HTWG/se/durak_ronny/project/.metals/bsp.trace.json or /home/grottenolm/.cache/metals/bsp.trace.json[0m
2025.10.13 15:04:212025.10.13 15:04:20 INFO  Connected to Build server: Bloop v2.0.13 [0mINFO 
 Shutting down server[0m
2025.10.13 15:04:21 INFO  Attempting to connect to the build server...[0m
2025.10.13 15:04:21 INFO  shutting down Metals[0m
2025.10.13 15:04:21 INFO  Found a Bloop server running[0m
java.util.concurrent.RejectedExecutionException: Task Future(<not completed>) rejected from java.util.concurrent.ThreadPoolExecutor@1d057a39[Shutting down, pool size = 2, active threads = 2, queued tasks = 0, completed tasks = 973]
	at java.base/java.util.concurrent.ThreadPoolExecutor$AbortPolicy.rejectedExecution(ThreadPoolExecutor.java:2027)
	at java.base/java.util.concurrent.ThreadPoolExecutor.reject(ThreadPoolExecutor.java:792)
	at java.base/java.util.concurrent.ThreadPoolExecutor.execute(ThreadPoolExecutor.java:1328)
	at scala.concurrent.impl.ExecutionContextImpl.execute(ExecutionContextImpl.scala:21)
	at scala.concurrent.impl.Promise$Transformation.submitWithValue(Promise.scala:429)
	at scala.concurrent.impl.Promise$DefaultPromise.submitWithValue(Promise.scala:338)
	at scala.concurrent.impl.Promise$DefaultPromise.tryComplete0(Promise.scala:285)
	at scala.concurrent.impl.Promise$Transformation.handleFailure(Promise.scala:444)
	at scala.concurrent.impl.Promise$Transformation.submitWithValue(Promise.scala:435)
	at scala.concurrent.impl.Promise$DefaultPromise.submitWithValue(Promise.scala:338)
	at scala.concurrent.impl.Promise$DefaultPromise.tryComplete0(Promise.scala:285)
	at scala.concurrent.impl.Promise$Transformation.handleFailure(Promise.scala:444)
	at scala.concurrent.impl.Promise$Transformation.submitWithValue(Promise.scala:435)
	at scala.concurrent.impl.Promise$DefaultPromise.submitWithValue(Promise.scala:338)
	at scala.concurrent.impl.Promise$DefaultPromise.tryComplete0(Promise.scala:285)
	at scala.concurrent.impl.Promise$Transformation.handleFailure(Promise.scala:444)
	at scala.concurrent.impl.Promise$Transformation.submitWithValue(Promise.scala:435)
	at scala.concurrent.impl.Promise$DefaultPromise.submitWithValue(Promise.scala:338)
	at scala.concurrent.impl.Promise$DefaultPromise.tryComplete0(Promise.scala:285)
	at scala.concurrent.impl.Promise$Transformation.handleFailure(Promise.scala:444)
	at scala.concurrent.impl.Promise$Transformation.submitWithValue(Promise.scala:435)
	at scala.concurrent.impl.Promise$DefaultPromise.submitWithValue(Promise.scala:338)
	at scala.concurrent.impl.Promise$DefaultPromise.tryComplete0(Promise.scala:285)
	at scala.concurrent.impl.Promise$Transformation.handleFailure(Promise.scala:444)
	at scala.concurrent.impl.Promise$Transformation.submitWithValue(Promise.scala:435)
	at scala.concurrent.impl.Promise$DefaultPromise.submitWithValue(Promise.scala:338)
	at scala.concurrent.impl.Promise$DefaultPromise.tryComplete0(Promise.scala:285)
	at scala.concurrent.impl.Promise$Transformation.handleFailure(Promise.scala:444)
	at scala.concurrent.impl.Promise$Transformation.submitWithValue(Promise.scala:435)
	at scala.concurrent.impl.Promise$DefaultPromise.submitWithValue(Promise.scala:338)
	at scala.concurrent.impl.Promise$DefaultPromise.tryComplete0(Promise.scala:285)
	at scala.concurrent.impl.Promise$Transformation.handleFailure(Promise.scala:444)
	at scala.concurrent.impl.Promise$Transformation.submitWithValue(Promise.scala:435)
	at scala.concurrent.impl.Promise$DefaultPromise.submitWithValue(Promise.scala:338)
	at scala.concurrent.impl.Promise$DefaultPromise.tryComplete0(Promise.scala:285)
	at scala.concurrent.impl.Promise$Transformation.handleFailure(Promise.scala:444)
	at scala.concurrent.impl.Promise$Transformation.submitWithValue(Promise.scala:435)
	at scala.concurrent.impl.Promise$DefaultPromise.submitWithValue(Promise.scala:338)
	at scala.concurrent.impl.Promise$DefaultPromise.tryComplete0(Promise.scala:285)
	at scala.concurrent.impl.Promise$Transformation.handleFailure(Promise.scala:444)
	at scala.concurrent.impl.Promise$Transformation.submitWithValue(Promise.scala:435)
	at scala.concurrent.impl.Promise$DefaultPromise.submitWithValue(Promise.scala:338)
	at scala.concurrent.impl.Promise$DefaultPromise.tryComplete0(Promise.scala:285)
	at scala.concurrent.impl.Promise$Transformation.handleFailure(Promise.scala:444)
	at scala.concurrent.impl.Promise$Transformation.submitWithValue(Promise.scala:435)
	at scala.concurrent.impl.Promise$DefaultPromise.submitWithValue(Promise.scala:338)
	at scala.concurrent.impl.Promise$DefaultPromise.tryComplete0(Promise.scala:285)
	at scala.concurrent.impl.Promise$Transformation.handleFailure(Promise.scala:444)
	at scala.concurrent.impl.Promise$Transformation.submitWithValue(Promise.scala:435)
	at scala.concurrent.impl.Promise$DefaultPromise.submitWithValue(Promise.scala:338)
	at scala.concurrent.impl.Promise$DefaultPromise.tryComplete0(Promise.scala:285)
	at scala.concurrent.impl.Promise$Transformation.handleFailure(Promise.scala:444)
	at scala.concurrent.impl.Promise$Transformation.submitWithValue(Promise.scala:435)
	at scala.concurrent.impl.Promise$DefaultPromise.submitWithValue(Promise.scala:338)
	at scala.concurrent.impl.Promise$DefaultPromise.tryComplete0(Promise.scala:285)
	at scala.concurrent.impl.Promise$Transformation.handleFailure(Promise.scala:444)
	at scala.concurrent.impl.Promise$Transformation.submitWithValue(Promise.scala:435)
	at scala.concurrent.impl.Promise$DefaultPromise.submitWithValue(Promise.scala:338)
	at scala.concurrent.impl.Promise$DefaultPromise.tryComplete0(Promise.scala:285)
	at scala.concurrent.impl.Promise$Transformation.run(Promise.scala:504)
	at scala.concurrent.ExecutionContext$parasitic$.execute(ExecutionContext.scala:222)
	at scala.concurrent.impl.Promise$Transformation.submitWithValue(Promise.scala:429)
	at scala.concurrent.impl.Promise$DefaultPromise.submitWithValue(Promise.scala:338)
	at scala.concurrent.impl.Promise$DefaultPromise.tryComplete0(Promise.scala:285)
	at scala.concurrent.impl.Promise$Transformation.handleFailure(Promise.scala:444)
	at scala.concurrent.impl.Promise$Transformation.submitWithValue(Promise.scala:435)
	at scala.concurrent.impl.Promise$DefaultPromise.submitWithValue(Promise.scala:338)
	at scala.concurrent.impl.Promise$DefaultPromise.tryComplete0(Promise.scala:285)
	at scala.concurrent.impl.Promise$Transformation.handleFailure(Promise.scala:444)
	at scala.concurrent.impl.Promise$Transformation.submitWithValue(Promise.scala:435)
	at scala.concurrent.impl.Promise$DefaultPromise.submitWithValue(Promise.scala:338)
	at scala.concurrent.impl.Promise$DefaultPromise.tryComplete0(Promise.scala:285)
	at scala.concurrent.impl.Promise$Transformation.handleFailure(Promise.scala:444)
	at scala.concurrent.impl.Promise$Transformation.submitWithValue(Promise.scala:435)
	at scala.concurrent.impl.Promise$DefaultPromise.submitWithValue(Promise.scala:338)
	at scala.concurrent.impl.Promise$DefaultPromise.tryComplete0(Promise.scala:285)
	at scala.concurrent.impl.Promise$Transformation.handleFailure(Promise.scala:444)
	at scala.concurrent.impl.Promise$Transformation.submitWithValue(Promise.scala:435)
	at scala.concurrent.impl.Promise$DefaultPromise.submitWithValue(Promise.scala:338)
	at scala.concurrent.impl.Promise$DefaultPromise.tryComplete0(Promise.scala:285)
	at scala.concurrent.impl.Promise$Transformation.handleFailure(Promise.scala:444)
	at scala.concurrent.impl.Promise$Transformation.submitWithValue(Promise.scala:435)
	at scala.concurrent.impl.Promise$DefaultPromise.submitWithValue(Promise.scala:338)
	at scala.concurrent.impl.Promise$DefaultPromise.tryComplete0(Promise.scala:285)
	at scala.concurrent.impl.Promise$Transformation.handleFailure(Promise.scala:444)
	at scala.concurrent.impl.Promise$Transformation.submitWithValue(Promise.scala:435)
	at scala.concurrent.impl.Promise$DefaultPromise.submitWithValue(Promise.scala:338)
	at scala.concurrent.impl.Promise$DefaultPromise.tryComplete0(Promise.scala:285)
	at scala.concurrent.impl.Promise$Transformation.handleFailure(Promise.scala:444)
	at scala.concurrent.impl.Promise$Transformation.submitWithValue(Promise.scala:435)
	at scala.concurrent.impl.Promise$DefaultPromise.submitWithValue(Promise.scala:338)
	at scala.concurrent.impl.Promise$DefaultPromise.tryComplete0(Promise.scala:285)
	at scala.concurrent.impl.Promise$Transformation.handleFailure(Promise.scala:444)
	at scala.concurrent.impl.Promise$Transformation.run(Promise.scala:506)
	at java.base/java.util.concurrent.ThreadPoolExecutor.runWorker(ThreadPoolExecutor.java:1095)
	at java.base/java.util.concurrent.ThreadPoolExecutor$Worker.run(ThreadPoolExecutor.java:619)
	at java.base/java.lang.Thread.run(Thread.java:1447)
java.util.concurrent.RejectedExecutionException: Task Future(<not completed>) rejected from java.util.concurrent.ThreadPoolExecutor@1d057a39[Terminated, pool size = 0, active threads = 0, queued tasks = 0, completed tasks = 975]
	at java.base/java.util.concurrent.ThreadPoolExecutor$AbortPolicy.rejectedExecution(ThreadPoolExecutor.java:2027)
	at java.base/java.util.concurrent.ThreadPoolExecutor.reject(ThreadPoolExecutor.java:792)
	at java.base/java.util.concurrent.ThreadPoolExecutor.execute(ThreadPoolExecutor.java:1328)
	at scala.concurrent.impl.ExecutionContextImpl.execute(ExecutionContextImpl.scala:21)
	at scala.concurrent.impl.Promise$Transformation.submitWithValue(Promise.scala:429)
	at scala.concurrent.impl.Promise$DefaultPromise.submitWithValue(Promise.scala:338)
	at scala.concurrent.impl.Promise$DefaultPromise.tryComplete0(Promise.scala:285)
	at scala.concurrent.impl.Promise$Transformation.handleFailure(Promise.scala:444)
	at scala.concurrent.impl.Promise$Transformation.submitWithValue(Promise.scala:435)
	at scala.concurrent.impl.Promise$DefaultPromise.submitWithValue(Promise.scala:338)
	at scala.concurrent.impl.Promise$DefaultPromise.tryComplete0(Promise.scala:285)
	at scala.concurrent.impl.Promise$DefaultPromise.tryComplete(Promise.scala:278)
	at scala.concurrent.Promise.complete(Promise.scala:57)
	at scala.concurrent.Promise.complete$(Promise.scala:56)
	at scala.concurrent.impl.Promise$DefaultPromise.complete(Promise.scala:104)
	at bloop.rifle.internal.Operations$.$anonfun$bsp$1(Operations.scala:378)
	at bloop.rifle.BloopRifleLogger.$anonfun$runnable$1(BloopRifleLogger.scala:14)
	at java.base/java.lang.Thread.run(Thread.java:1447)
2025.10.13 15:04:20 INFO  time: Imported build in 0.16s[0m
2025.10.13 15:04:22 INFO  time: evaluated worksheet 'durak.worksheet.sc' in 0.44s[0m
2025.10.13 15:04:22 INFO  time: evaluated worksheet 'durak.worksheet.sc' in 0.44s[0m
2025.10.13 15:04:23 WARN  Could not find java sources in /usr/lib/jvm/src.zip, /usr/lib/jvm/lib/src.zip, /usr/lib/jvm/java-25-openjdk/src.zip, /usr/lib/jvm/java-25-openjdk/lib/src.zip. Java symbols will not be available.[0m
2025.10.13 15:04:23 INFO  time: indexed workspace in 1.8s[0m
2025.10.13 15:04:23 INFO  time: evaluated worksheet 'durak.worksheet.sc' in 0.42s[0m
2025.10.13 15:04:24 INFO  time: evaluated worksheet 'durak.worksheet.sc' in 0.32s[0m
2025.10.13 15:04:23 INFO  time: evaluated worksheet 'durak.worksheet.sc' in 0.31s[0m
2025.10.13 15:04:23 INFO  time: evaluated worksheet 'durak.worksheet.sc' in 0.24s[0m
2025.10.13 15:04:28 INFO  Started: Metals version 1.6.2 in folders '/home/grottenolm/HTWG/se/durak_ronny' for client Neovim 0.11.4+v0.11.4.[0m
2025.10.13 15:04:28 INFO  time: evaluated worksheet 'durak.worksheet.sc' in 0.38s[0m
2025.10.13 15:04:28 INFO  no build target found for /home/grottenolm/HTWG/se/durak_ronny/src/main/scala/durak.worksheet.sc. Using presentation compiler with project's scala-library version: 3.3.6[0m
2025.10.13 15:04:28 INFO  Attempting to connect to the build server...[0m
2025.10.13 15:04:28 INFO  Found a Bloop server running[0m
2025.10.13 15:04:29 INFO  tracing is disabled for protocol BSP, to enable tracing of incoming and outgoing JSON messages create an empty file at /home/grottenolm/HTWG/se/durak_ronny/.metals/bsp.trace.json or /home/grottenolm/.cache/metals/bsp.trace.json[0m
2025.10.13 15:04:29 INFO  Attempting to connect to the build server...[0m
2025.10.13 15:04:29 INFO  Found a Bloop server running[0m
2025.10.13 15:04:29 INFO  tracing is disabled for protocol BSP, to enable tracing of incoming and outgoing JSON messages create an empty file at /home/grottenolm/HTWG/se/durak_ronny/project/.metals/bsp.trace.json or /home/grottenolm/.cache/metals/bsp.trace.json[0m
2025.10.13 15:04:29 INFO  time: Connected to build server in 0.38s[0m
2025.10.13 15:04:29 INFO  Connected to Build server: Bloop v2.0.13[0m
2025.10.13 15:04:29 INFO  time: Imported build in 0.1s[0m
2025.10.13 15:04:31 INFO  Shutting down server[0m
2025.10.13 15:04:31 INFO  shutting down Metals[0m
2025.10.13 15:04:31 INFO  Shut down connection with build server.[0m
2025.10.13 15:04:31 INFO  Shut down connection with build server.[0m
2025.10.13 15:04:33 INFO  time: indexed workspace in 3.79s[0m
2025.10.13 15:04:37 INFO  time: evaluated worksheet 'durak.worksheet.sc' in 4.42s[0m
Okt. 13, 2025 3:04:37 PM org.eclipse.lsp4j.jsonrpc.RemoteEndpoint handleCancellation
WARNUNG: Unmatched cancel notification for request id 2
2025.10.13 15:04:37 INFO  time: evaluated worksheet 'durak.worksheet.sc' in 0.75s[0m
2025.10.13 15:04:38 INFO  time: evaluated worksheet 'durak.worksheet.sc' in 0.57s[0m
Exception in thread "pool-10-thread-1" java.lang.InterruptedException
	at scala.meta.internal.metals.FutureCancelToken.checkCanceled(FutureCancelToken.scala:29)
	at scala.meta.internal.pc.CompilerAccess.onCompilerJobQueue$$anonfun$1(CompilerAccess.scala:208)
	at scala.meta.internal.pc.CompilerJobQueue$Job.run(CompilerJobQueue.scala:153)
	at java.base/java.util.concurrent.ThreadPoolExecutor.runWorker(ThreadPoolExecutor.java:1095)
	at java.base/java.util.concurrent.ThreadPoolExecutor$Worker.run(ThreadPoolExecutor.java:619)
	at java.base/java.lang.Thread.run(Thread.java:1447)
2025.10.13 15:04:39 INFO  time: evaluated worksheet 'durak.worksheet.sc' in 0.52s[0m
2025.10.13 15:06:59 INFO  time: evaluated worksheet 'durak.worksheet.sc' in 0.38s[0m
2025.10.13 15:06:59 INFO  time: evaluated worksheet 'durak.worksheet.sc' in 0.33s[0m
2025.10.13 15:07:58 INFO  Shutting down server[0m
2025.10.13 15:07:58 INFO  shutting down Metals[0m
2025.10.13 15:07:58 INFO  Shut down connection with build server.[0m
2025.10.13 15:07:58 INFO  Shut down connection with build server.[0m
2025.10.13 15:10:25 INFO  Started: Metals version 1.6.2 in folders '/home/grottenolm/HTWG/se/durak_ronny' for client Neovim 0.11.4+v0.11.4.[0m
2025.10.13 15:10:26 WARN  no build target for: /home/grottenolm/HTWG/se/durak_ronny/src/main/scala/durak.worksheet.sc[0m
2025.10.13 15:10:26 INFO  no build target found for /home/grottenolm/HTWG/se/durak_ronny/src/main/scala/durak.worksheet.sc. Using presentation compiler with project's scala-library version: 3.3.6[0m
2025.10.13 15:10:26 INFO  no build target found for /home/grottenolm/HTWG/se/durak_ronny/src/main/scala/durak.worksheet.sc. Using presentation compiler with project's scala-library version: 3.3.6[0m
2025.10.13 15:10:26 INFO  Attempting to connect to the build server...[0m
2025.10.13 15:10:26 INFO  Found a Bloop server running[0m
2025.10.13 15:10:26 INFO  tracing is disabled for protocol BSP, to enable tracing of incoming and outgoing JSON messages create an empty file at /home/grottenolm/HTWG/se/durak_ronny/.metals/bsp.trace.json or /home/grottenolm/.cache/metals/bsp.trace.json[0m
2025.10.13 15:10:26 INFO  Attempting to connect to the build server...[0m
2025.10.13 15:10:26 INFO  Found a Bloop server running[0m
2025.10.13 15:10:26 INFO  tracing is disabled for protocol BSP, to enable tracing of incoming and outgoing JSON messages create an empty file at /home/grottenolm/HTWG/se/durak_ronny/project/.metals/bsp.trace.json or /home/grottenolm/.cache/metals/bsp.trace.json[0m
2025.10.13 15:10:27 INFO  time: Connected to build server in 0.51s[0m
2025.10.13 15:10:26 INFO  Connected to Build server: Bloop v2.0.13[0m
2025.10.13 15:10:27 INFO  time: Imported build in 0.14s[0m
2025.10.13 15:10:29 INFO  time: indexed workspace in 3.08s[0m
2025.10.13 15:10:31 INFO  time: evaluated worksheet 'durak.worksheet.sc' in 5.35s[0m
Okt. 13, 2025 3:10:31 PM org.eclipse.lsp4j.jsonrpc.RemoteEndpoint handleCancellation
WARNUNG: Unmatched cancel notification for request id 2
Resolving package/object name conflict in favor of package scala.caps. The object will be inaccessible.
2025.10.13 15:10:35 INFO  time: evaluated worksheet 'durak.worksheet.sc' in 3.88s[0m
2025.10.13 15:10:36 INFO  time: evaluated worksheet 'durak.worksheet.sc' in 0.75s[0m
Exception in thread "pool-12-thread-1" java.lang.InterruptedException
	at scala.meta.internal.metals.FutureCancelToken.checkCanceled(FutureCancelToken.scala:29)
	at scala.meta.internal.pc.CompilerAccess.onCompilerJobQueue$$anonfun$1(CompilerAccess.scala:208)
	at scala.meta.internal.pc.CompilerJobQueue$Job.run(CompilerJobQueue.scala:153)
	at java.base/java.util.concurrent.ThreadPoolExecutor.runWorker(ThreadPoolExecutor.java:1095)
	at java.base/java.util.concurrent.ThreadPoolExecutor$Worker.run(ThreadPoolExecutor.java:619)
	at java.base/java.lang.Thread.run(Thread.java:1447)
2025.10.13 15:10:39 INFO  time: evaluated worksheet 'durak.worksheet.sc' in 0.43s[0m
2025.10.13 15:10:39 INFO  time: evaluated worksheet 'durak.worksheet.sc' in 0.42s[0m
2025.10.13 15:10:48 INFO  time: evaluated worksheet 'durak.worksheet.sc' in 0.4s[0m
2025.10.13 15:11:17 INFO  Shutting down server[0m
2025.10.13 15:11:17 INFO  shutting down Metals[0m
2025.10.13 15:11:17 INFO  Shut down connection with build server.[0m
2025.10.13 15:11:17 INFO  Shut down connection with build server.[0m
2025.10.13 15:12:31 INFO  Started: Metals version 1.6.2 in folders '/home/grottenolm/HTWG/se/durak_ronny' for client Code - OSS 1.104.2.
2025.10.13 15:12:31 INFO  no build target found for /home/grottenolm/HTWG/se/durak_ronny/src/main/scala/durak.worksheet.sc. Using presentation compiler with project's scala-library version: 3.3.6
2025.10.13 15:12:32 INFO  no build target found for /home/grottenolm/HTWG/se/durak_ronny/src/main/scala/durak.worksheet.sc. Using presentation compiler with project's scala-library version: 3.3.6
2025.10.13 15:12:32 INFO  Attempting to connect to the build server...
2025.10.13 15:12:32 INFO  Found a Bloop server running
2025.10.13 15:12:32 INFO  tracing is disabled for protocol BSP, to enable tracing of incoming and outgoing JSON messages create an empty file at /home/grottenolm/HTWG/se/durak_ronny/.metals/bsp.trace.json or /home/grottenolm/.cache/metals/bsp.trace.json
2025.10.13 15:12:32 INFO  Attempting to connect to the build server...
2025.10.13 15:12:32 INFO  Found a Bloop server running
2025.10.13 15:12:33 INFO  tracing is disabled for protocol BSP, to enable tracing of incoming and outgoing JSON messages create an empty file at /home/grottenolm/HTWG/se/durak_ronny/project/.metals/bsp.trace.json or /home/grottenolm/.cache/metals/bsp.trace.json
2025.10.13 15:12:32 INFO  time: Connected to build server in 0.45s
2025.10.13 15:12:33 INFO  Connected to Build server: Bloop v2.0.13
2025.10.13 15:12:33 INFO  time: Imported build in 0.12s
2025.10.13 15:12:35 WARN  Could not find java sources in /usr/lib/jvm/src.zip, /usr/lib/jvm/lib/src.zip, /usr/lib/jvm/java-25-openjdk/src.zip, /usr/lib/jvm/java-25-openjdk/lib/src.zip. Java symbols will not be available.
2025.10.13 15:12:35 INFO  time: indexed workspace in 3.17s
2025.10.13 15:12:37 INFO  time: evaluated worksheet 'durak.worksheet.sc' in 5.35s
2025.10.13 15:12:41 INFO  time: evaluated worksheet 'durak.worksheet.sc' in 3.68s
2025.10.13 15:12:42 INFO  time: evaluated worksheet 'durak.worksheet.sc' in 0.78s
2025.10.13 15:12:42 INFO  time: code lens generation in 1.31s
2025.10.13 15:12:42 INFO  time: code lens generation in 1.31s
Okt. 13, 2025 3:12:49 PM org.eclipse.lsp4j.jsonrpc.services.GenericEndpoint notify
INFORMATION: Unsupported notification method: $/setTrace
2025.10.13 15:13:35 INFO  time: evaluated worksheet 'durak.worksheet.sc' in 1.88s
2025.10.13 15:13:36 INFO  Started: Metals version 1.6.2 in folders '/home/grottenolm/HTWG/se/durak_ronny' for client Neovim 0.11.4+v0.11.4.
2025.10.13 15:13:37 INFO  no build target found for /home/grottenolm/HTWG/se/durak_ronny/src/main/scala/durak.worksheet.sc. Using presentation compiler with project's scala-library version: 3.3.6
2025.10.13 15:13:37 INFO  Attempting to connect to the build server...
2025.10.13 15:13:37 INFO  Found a Bloop server running
2025.10.13 15:13:37 INFO  tracing is disabled for protocol BSP, to enable tracing of incoming and outgoing JSON messages create an empty file at /home/grottenolm/HTWG/se/durak_ronny/.metals/bsp.trace.json or /home/grottenolm/.cache/metals/bsp.trace.json
2025.10.13 15:13:37 INFO  Attempting to connect to the build server...
2025.10.13 15:13:37 INFO  Found a Bloop server running
2025.10.13 15:13:37 INFO  tracing is disabled for protocol BSP, to enable tracing of incoming and outgoing JSON messages create an empty file at /home/grottenolm/HTWG/se/durak_ronny/project/.metals/bsp.trace.json or /home/grottenolm/.cache/metals/bsp.trace.json
2025.10.13 15:13:37 INFO  time: Connected to build server in 0.37s
2025.10.13 15:13:37 INFO  Connected to Build server: Bloop v2.0.13
2025.10.13 15:13:40 WARN  Could not find java sources in /usr/lib/jvm/src.zip, /usr/lib/jvm/lib/src.zip, /usr/lib/jvm/java-25-openjdk/src.zip, /usr/lib/jvm/java-25-openjdk/lib/src.zip. Java symbols will not be available.
2025.10.13 15:13:40 INFO  time: indexed workspace in 2.6s
Okt. 13, 2025 3:13:44 PM org.eclipse.lsp4j.jsonrpc.RemoteEndpoint handleCancellation
WARNUNG: Unmatched cancel notification for request id 2
2025.10.13 15:13:45 INFO  time: code lens generation in 1.3s
2025.10.13 15:13:45 INFO  time: evaluated worksheet 'durak.worksheet.sc' in 4.95s
2025.10.13 15:13:46 INFO  time: evaluated worksheet 'durak.worksheet.sc' in 0.73s
2025.10.13 15:13:49 INFO  time: evaluated worksheet 'durak.worksheet.sc' in 0.38s
2025.10.13 15:13:54 INFO  time: evaluated worksheet 'durak.worksheet.sc' in 0.43s
Okt. 13, 2025 3:17:40 PM org.eclipse.lsp4j.jsonrpc.services.GenericEndpoint notify
INFORMATION: Unsupported notification method: $/setTrace
Okt. 13, 2025 3:17:44 PM org.eclipse.lsp4j.jsonrpc.services.GenericEndpoint notify
INFORMATION: Unsupported notification method: $/setTrace
Okt. 13, 2025 3:17:44 PM org.eclipse.lsp4j.jsonrpc.services.GenericEndpoint notify
INFORMATION: Unsupported notification method: $/setTrace
Okt. 13, 2025 3:17:48 PM org.eclipse.lsp4j.jsonrpc.services.GenericEndpoint notify
INFORMATION: Unsupported notification method: $/setTrace
2025.10.13 15:17:51 INFO  time: evaluated worksheet 'durak.worksheet.sc' in 0.52s
2025.10.13 15:17:51 INFO  time: evaluated worksheet 'durak.worksheet.sc' in 0.48s
2025.10.13 15:18:17 INFO  time: evaluated worksheet 'durak.worksheet.sc' in 0.23s
2025.10.13 15:18:17 INFO  time: evaluated worksheet 'durak.worksheet.sc' in 0.27s
2025.10.13 15:18:24 INFO  time: evaluated worksheet 'durak.worksheet.sc' in 0.2s
2025.10.13 15:19:12 INFO  time: evaluated worksheet 'durak.worksheet.sc' in 0.25s
2025.10.13 15:19:12 INFO  time: evaluated worksheet 'durak.worksheet.sc' in 0.25s
2025.10.13 15:19:27 INFO  time: evaluated worksheet 'durak.worksheet.sc' in 0.25s
2025.10.13 15:19:27 INFO  time: evaluated worksheet 'durak.worksheet.sc' in 0.26s
2025.10.13 15:19:42 INFO  time: evaluated worksheet 'durak.worksheet.sc' in 0.21s
2025.10.13 15:19:42 INFO  time: evaluated worksheet 'durak.worksheet.sc' in 0.2s
2025.10.13 15:25:11 INFO  time: evaluated worksheet 'durak.worksheet.sc' in 1.67s
2025.10.13 15:25:23 INFO  time: evaluated worksheet 'durak.worksheet.sc' in 0.67s
2025.10.13 15:26:09 INFO  Shutting down server
2025.10.13 15:26:09 INFO  shutting down Metals
2025.10.13 15:26:09 INFO  Shutting down server
2025.10.13 15:26:09 INFO  shutting down Metals
2025.10.13 15:26:09 INFO  Shut down connection with build server.
2025.10.13 15:26:09 INFO  Shut down connection with build server.
2025.10.13 15:26:09 INFO  Shut down connection with build server.
2025.10.13 15:26:09 INFO  Shut down connection with build server.
2025.10.13 15:26:09 INFO  Exiting server
2025.10.13 15:26:14 INFO  Started: Metals version 1.6.2 in folders '/home/grottenolm/HTWG/se/durak_ronny' for client Code - OSS 1.104.2.
2025.10.13 15:26:15 INFO  Attempting to connect to the build server...
2025.10.13 15:26:15 INFO  Found a Bloop server running
2025.10.13 15:26:15 INFO  tracing is disabled for protocol BSP, to enable tracing of incoming and outgoing JSON messages create an empty file at /home/grottenolm/HTWG/se/durak_ronny/.metals/bsp.trace.json or /home/grottenolm/.cache/metals/bsp.trace.json
2025.10.13 15:26:15 INFO  Attempting to connect to the build server...
2025.10.13 15:26:15 INFO  Found a Bloop server running
2025.10.13 15:26:15 INFO  tracing is disabled for protocol BSP, to enable tracing of incoming and outgoing JSON messages create an empty file at /home/grottenolm/HTWG/se/durak_ronny/project/.metals/bsp.trace.json or /home/grottenolm/.cache/metals/bsp.trace.json
2025.10.13 15:26:15 INFO  time: Connected to build server in 0.34s
2025.10.13 15:26:15 INFO  Connected to Build server: Bloop v2.0.13
2025.10.13 15:26:17 WARN  Could not find java sources in /usr/lib/jvm/src.zip, /usr/lib/jvm/lib/src.zip, /usr/lib/jvm/java-25-openjdk/src.zip, /usr/lib/jvm/java-25-openjdk/lib/src.zip. Java symbols will not be available.
2025.10.13 15:26:17 INFO  time: indexed workspace in 2.43s
2025.10.13 15:26:21 INFO  time: evaluated worksheet 'durak.worksheet.sc' in 3.37s
2025.10.13 15:26:22 INFO  time: evaluated worksheet 'durak.worksheet.sc' in 0.8s
Okt. 13, 2025 3:26:50 PM org.eclipse.lsp4j.jsonrpc.services.GenericEndpoint notify
INFORMATION: Unsupported notification method: $/setTrace
2025.10.13 15:26:55 INFO  time: evaluated worksheet 'durak.worksheet.sc' in 1.64s
2025.10.13 15:27:05 INFO  time: evaluated worksheet 'durak.worksheet.sc' in 0.51s
[31merror[39m: src/main/scala/durak.worksheet.sc:1:1: 
Not found: a
a = 10
^
2025.10.13 15:27:22 INFO  time: evaluated worksheet 'durak.worksheet.sc' in 0.35s
[31merror[39m: src/main/scala/durak.worksheet.sc:1:1: 
Not found: a
a = 10
^
2025.10.13 15:27:25 INFO  time: evaluated worksheet 'durak.worksheet.sc' in 0.21s
2025.10.13 15:27:39 INFO  time: evaluated worksheet 'durak.worksheet.sc' in 1.09s
2025.10.13 15:27:43 INFO  time: evaluated worksheet 'durak.worksheet.sc' in 0.58s
2025.10.13 15:27:48 INFO  time: evaluated worksheet 'durak.worksheet.sc' in 0.38s
2025.10.13 15:28:35 INFO  time: evaluated worksheet 'tui.worksheet.sc' in 0.31s
Okt. 13, 2025 3:29:31 PM org.eclipse.lsp4j.jsonrpc.RemoteEndpoint handleCancellation
WARNUNG: Unmatched cancel notification for request id 235
[31merror[39m: src/main/scala/tui.worksheet.sc:1:22: 
Not found: type Card - did you mean Char.type? or perhaps Char?
def renderCard(card: Card): String =
                     ^^^^
[31merror[39m: src/main/scala/tui.worksheet.sc:4:27: 
Not found: type Card - did you mean Char.type? or perhaps Char?
def renderHand(hand: List[Card]): String =
                          ^^^^
[31merror[39m: src/main/scala/tui.worksheet.sc:7:22: 
Not found: type GameState
def renderGame(game: GameState): String =
                     ^^^^^^^^^
2025.10.13 15:29:32 INFO  time: evaluated worksheet 'tui.worksheet.sc' in 0.72s
[31merror[39m: src/main/scala/tui.worksheet.sc:14:22: illegal start of simple expression
  rank <- Rank.values
                     ^
2025.10.13 15:30:02 INFO  time: evaluated worksheet 'tui.worksheet.sc' in 0.47s
2025.10.13 15:30:03 INFO  Created report: Optional[file:///home/grottenolm/HTWG/se/durak_ronny/src/main/scala/tui.worksheet.sc]
2025.10.13 15:30:03 INFO  empty definition using pc, found symbol in pc:  (full report at: "/home/grottenolm/HTWG/se/durak_ronny/.metals/.reports/metals-full/2025-10-13/r_empty-definition_(root)_15-30-03-217.md")
Downloading https://repo1.maven.org/maven2/org/scala-lang/scala-reflect/2.13.11/scala-reflect-2.13.11.pom
Downloading https://repo1.maven.org/maven2/org/scalameta/scalafmt-core_2.13/3.7.15/scalafmt-core_2.13-3.7.15.pom
Downloaded https://repo1.maven.org/maven2/org/scala-lang/scala-reflect/2.13.11/scala-reflect-2.13.11.pom
Downloaded https://repo1.maven.org/maven2/org/scalameta/scalafmt-core_2.13/3.7.15/scalafmt-core_2.13-3.7.15.pom
Downloading https://repo1.maven.org/maven2/org/scala-lang/scala-library/2.13.11/scala-library-2.13.11.pom
Downloading https://repo1.maven.org/maven2/org/scalameta/scalafmt-config_2.13/3.7.15/scalafmt-config_2.13-3.7.15.pom
Downloading https://repo1.maven.org/maven2/org/scalameta/scalafmt-sysops_2.13/3.7.15/scalafmt-sysops_2.13-3.7.15.pom
Downloading https://repo1.maven.org/maven2/org/scalameta/scalameta_2.13/4.8.12/scalameta_2.13-4.8.12.pom
Downloaded https://repo1.maven.org/maven2/org/scala-lang/scala-library/2.13.11/scala-library-2.13.11.pom
Downloaded https://repo1.maven.org/maven2/org/scalameta/scalafmt-sysops_2.13/3.7.15/scalafmt-sysops_2.13-3.7.15.pom
Downloaded https://repo1.maven.org/maven2/org/scalameta/scalameta_2.13/4.8.12/scalameta_2.13-4.8.12.pom
Downloaded https://repo1.maven.org/maven2/org/scalameta/scalafmt-config_2.13/3.7.15/scalafmt-config_2.13-3.7.15.pom
Downloading https://repo1.maven.org/maven2/org/scala-lang/scala-library/2.13.12/scala-library-2.13.12.pom
Downloading https://repo1.maven.org/maven2/org/scalameta/parsers_2.13/4.8.12/parsers_2.13-4.8.12.pom
Downloading https://repo1.maven.org/maven2/com/geirsson/metaconfig-core_2.13/0.12.0/metaconfig-core_2.13-0.12.0.pom
Downloading https://repo1.maven.org/maven2/com/geirsson/metaconfig-typesafe-config_2.13/0.12.0/metaconfig-typesafe-config_2.13-0.12.0.pom
Downloading https://repo1.maven.org/maven2/org/scala-lang/modules/scala-parallel-collections_2.13/1.0.4/scala-parallel-collections_2.13-1.0.4.pom
Downloading https://repo1.maven.org/maven2/org/scala-lang/scalap/2.13.12/scalap-2.13.12.pom
Downloaded https://repo1.maven.org/maven2/org/scala-lang/scalap/2.13.12/scalap-2.13.12.pom
Downloaded https://repo1.maven.org/maven2/org/scala-lang/scala-library/2.13.12/scala-library-2.13.12.pom
Downloaded https://repo1.maven.org/maven2/org/scalameta/parsers_2.13/4.8.12/parsers_2.13-4.8.12.pom
Downloaded https://repo1.maven.org/maven2/com/geirsson/metaconfig-typesafe-config_2.13/0.12.0/metaconfig-typesafe-config_2.13-0.12.0.pom
Downloaded https://repo1.maven.org/maven2/com/geirsson/metaconfig-core_2.13/0.12.0/metaconfig-core_2.13-0.12.0.pom
Downloaded https://repo1.maven.org/maven2/org/scala-lang/modules/scala-parallel-collections_2.13/1.0.4/scala-parallel-collections_2.13-1.0.4.pom
Downloading https://repo1.maven.org/maven2/org/scalameta/trees_2.13/4.8.12/trees_2.13-4.8.12.pom
Downloading https://repo1.maven.org/maven2/org/scala-lang/scala-compiler/2.13.12/scala-compiler-2.13.12.pom
Downloading https://repo1.maven.org/maven2/org/scala-lang/modules/scala-collection-compat_2.13/2.11.0/scala-collection-compat_2.13-2.11.0.pom
Downloading https://repo1.maven.org/maven2/org/typelevel/paiges-core_2.13/0.4.3/paiges-core_2.13-0.4.3.pom
Downloading https://repo1.maven.org/maven2/com/typesafe/config/1.4.1/config-1.4.1.pom
Downloading https://repo1.maven.org/maven2/com/geirsson/metaconfig-pprint_2.13/0.12.0/metaconfig-pprint_2.13-0.12.0.pom
Downloaded https://repo1.maven.org/maven2/com/typesafe/config/1.4.1/config-1.4.1.pom
Downloaded https://repo1.maven.org/maven2/com/geirsson/metaconfig-pprint_2.13/0.12.0/metaconfig-pprint_2.13-0.12.0.pom
Downloaded https://repo1.maven.org/maven2/org/scala-lang/scala-compiler/2.13.12/scala-compiler-2.13.12.pom
Downloaded https://repo1.maven.org/maven2/org/scalameta/trees_2.13/4.8.12/trees_2.13-4.8.12.pom
Downloaded https://repo1.maven.org/maven2/org/typelevel/paiges-core_2.13/0.4.3/paiges-core_2.13-0.4.3.pom
Downloaded https://repo1.maven.org/maven2/org/scala-lang/modules/scala-collection-compat_2.13/2.11.0/scala-collection-compat_2.13-2.11.0.pom
Downloading https://repo1.maven.org/maven2/org/scala-lang/scala-reflect/2.13.12/scala-reflect-2.13.12.pom
Downloading https://repo1.maven.org/maven2/org/scalameta/common_2.13/4.8.12/common_2.13-4.8.12.pom
Downloading https://repo1.maven.org/maven2/org/jline/jline/3.22.0/jline-3.22.0.pom
Downloading https://repo1.maven.org/maven2/com/lihaoyi/fansi_2.13/0.4.0/fansi_2.13-0.4.0.pom
Downloaded https://repo1.maven.org/maven2/org/jline/jline/3.22.0/jline-3.22.0.pom
Downloaded https://repo1.maven.org/maven2/org/scala-lang/scala-reflect/2.13.12/scala-reflect-2.13.12.pom
Downloaded https://repo1.maven.org/maven2/org/scalameta/common_2.13/4.8.12/common_2.13-4.8.12.pom
Downloaded https://repo1.maven.org/maven2/com/lihaoyi/fansi_2.13/0.4.0/fansi_2.13-0.4.0.pom
Downloading https://repo1.maven.org/maven2/org/jline/jline-parent/3.22.0/jline-parent-3.22.0.pom
Downloaded https://repo1.maven.org/maven2/org/jline/jline-parent/3.22.0/jline-parent-3.22.0.pom
Downloading https://repo1.maven.org/maven2/com/lihaoyi/sourcecode_2.13/0.3.1/sourcecode_2.13-0.3.1.pom
Downloaded https://repo1.maven.org/maven2/com/lihaoyi/sourcecode_2.13/0.3.1/sourcecode_2.13-0.3.1.pom
2025.10.13 15:30:14 ERROR scalafmt: <input>:14: error: [dialect scala3] illegal start of simple expression
  rank <- Rank.values
                     ^
[31merror[39m: src/main/scala/tui.worksheet.sc:14:22: illegal start of simple expression
  rank <- Rank.values
                     ^
2025.10.13 15:30:21 INFO  time: evaluated worksheet 'tui.worksheet.sc' in 0.28s
2025.10.13 15:31:29 INFO  time: evaluated worksheet 'durak.worksheet.sc' in 0.73s
2025.10.13 15:32:42 INFO  time: evaluated worksheet 'durak.worksheet.sc' in 0.92s
2025.10.13 15:33:37 INFO  time: evaluated worksheet 'durak.worksheet.sc' in 0.61s
2025.10.13 15:34:56 INFO  time: evaluated worksheet 'durak.worksheet.sc' in 0.5s
2025.10.13 15:35:04 INFO  time: evaluated worksheet 'durak.worksheet.sc' in 0.43s
2025.10.13 15:35:25 INFO  time: evaluated worksheet 'durak.worksheet.sc' in 0.44s
2025.10.13 15:35:40 INFO  time: evaluated worksheet 'durak.worksheet.sc' in 0.42s
2025.10.13 15:35:52 INFO  time: evaluated worksheet 'durak.worksheet.sc' in 0.68s
2025.10.13 15:35:56 INFO  time: evaluated worksheet 'durak.worksheet.sc' in 0.45s
2025.10.13 15:36:46 INFO  time: evaluated worksheet 'durak.worksheet.sc' in 0.53s
2025.10.13 15:37:34 INFO  compiling root (1 scala source)
2025.10.13 15:37:36 INFO  time: compiled root in 2.24s
2025.10.13 15:37:43 INFO  compiling root (2 scala sources)
2025.10.13 15:37:43 INFO  time: compiled root in 0.84s
2025.10.13 15:37:48 WARN  Could not find semantic tokens for: file:///home/grottenolm/HTWG/se/durak_ronny/src/main/scala/DurakApp.scala
2025.10.13 15:37:51 INFO  compiling root (1 scala source)
2025.10.13 15:37:53 INFO  time: compiled root in 1.73s
2025.10.13 15:41:13 WARN  Could not find semantic tokens for: file:///home/grottenolm/HTWG/se/durak_ronny/src/main/scala/DurakApp.scala
2025.10.13 15:41:17 INFO  compiling root (1 scala source)
2025.10.13 15:41:19 INFO  time: compiled root in 2.02s
2025.10.13 15:44:20 INFO  time: code lens generation in 2.03s
2025.10.13 15:45:39 INFO  compiling root (1 scala source)
2025.10.13 15:45:41 INFO  time: compiled root in 2.04s
2025.10.13 15:45:41 INFO  compiling root (1 scala source)
2025.10.13 15:45:42 INFO  time: compiled root in 0.67s
2025.10.13 15:45:58 INFO  compiling root (1 scala source)
2025.10.13 15:45:58 INFO  time: compiled root in 0.45s
Okt. 13, 2025 4:02:10 PM org.eclipse.lsp4j.jsonrpc.RemoteEndpoint handleCancellation
WARNUNG: Unmatched cancel notification for request id 1495
2025.10.13 16:08:14 INFO  compiling root (1 scala source)
2025.10.13 16:08:16 INFO  time: compiled root in 2.07s
2025.10.13 16:09:50 INFO  compiling root (1 scala source)
2025.10.13 16:09:50 INFO  time: compiled root in 0.73s
2025.10.13 16:10:31 INFO  compiling root (1 scala source)
2025.10.13 16:10:31 INFO  time: compiled root in 0.42s
2025.10.13 16:11:12 INFO  compiling root (1 scala source)
2025.10.13 16:11:12 INFO  time: compiled root in 0.45s
2025.10.13 16:11:17 INFO  compiling root (1 scala source)
2025.10.13 16:11:17 INFO  time: compiled root in 0.43s
2025.10.13 16:11:55 INFO  compiling root (1 scala source)
2025.10.13 16:11:55 INFO  time: compiled root in 0.43s
2025.10.13 16:14:43 INFO  time: evaluated worksheet 'durak.worksheet.sc' in 2.27s
2025.10.13 16:24:27 INFO  compiling root (1 scala source)
2025.10.13 16:24:29 INFO  time: compiled root in 2.12s
2025.10.13 16:24:29 INFO  compiling root (1 scala source)
2025.10.13 16:24:31 INFO  time: compiled root in 0.82s
2025.10.13 16:27:11 INFO  time: evaluated worksheet 'durak.worksheet.sc' in 2.32s
2025.10.13 16:33:14 INFO  time: evaluated worksheet 'durak.worksheet.sc' in 2.22s
2025.10.15 13:22:14 INFO  Started: Metals version 1.6.2 in folders '/home/grottenolm/HTWG/se/durak_ronny' for client Neovim 0.11.4+v0.11.4.[0m
2025.10.15 13:22:15 INFO  no build target found for /home/grottenolm/HTWG/se/durak_ronny/src/main/scala/DurakApp.scala. Using presentation compiler with project's scala-library version: 3.3.6[0m
2025.10.15 13:22:15 INFO  Attempting to connect to the build server...[0m
2025.10.15 13:22:15 INFO  No running Bloop server found, starting one.[0m
2025.10.15 13:22:16 INFO  Starting compilation server[0m
2025.10.15 13:22:17 INFO  tracing is disabled for protocol BSP, to enable tracing of incoming and outgoing JSON messages create an empty file at /home/grottenolm/HTWG/se/durak_ronny/.metals/bsp.trace.json or /home/grottenolm/.cache/metals/bsp.trace.json[0m
2025.10.15 13:22:18 INFO  Attempting to connect to the build server...[0m
2025.10.15 13:22:18 INFO  Found a Bloop server running[0m
2025.10.15 13:22:18 INFO  tracing is disabled for protocol BSP, to enable tracing of incoming and outgoing JSON messages create an empty file at /home/grottenolm/HTWG/se/durak_ronny/project/.metals/bsp.trace.json or /home/grottenolm/.cache/metals/bsp.trace.json[0m
2025.10.15 13:22:17 INFO  time: Connected to build server in 2.85s[0m
2025.10.15 13:22:18 INFO  Connected to Build server: Bloop v2.0.13[0m
2025.10.15 13:22:18 INFO  time: Imported build in 0.12s[0m
2025.10.15 13:22:19 WARN  Could not find java sources in /usr/lib/jvm/src.zip, /usr/lib/jvm/lib/src.zip, /usr/lib/jvm/java-25-openjdk/src.zip, /usr/lib/jvm/java-25-openjdk/lib/src.zip. Java symbols will not be available.[0m
2025.10.15 13:22:19 INFO  time: indexed workspace in 1.7s[0m
2025.10.15 13:22:29 INFO  Shutting down server[0m
2025.10.15 13:22:29 INFO  shutting down Metals[0m
2025.10.15 13:22:29 INFO  Shut down connection with build server.[0m
2025.10.15 13:22:29 INFO  Shut down connection with build server.[0m
java.util.concurrent.RejectedExecutionException: Task Future(<not completed>) rejected from java.util.concurrent.ThreadPoolExecutor@cc285f4[Terminated, pool size = 0, active threads = 0, queued tasks = 0, completed tasks = 456]
2025.10.15 13:22:52 INFO  Started: Metals version 1.6.2 in folders '/home/grottenolm/HTWG/se/durak_ronny' for client Code - OSS 1.105.0.
2025.10.15 13:22:52 INFO  no build target found for /home/grottenolm/HTWG/se/durak_ronny/src/main/scala/DurakApp.scala. Using presentation compiler with project's scala-library version: 3.3.6
2025.10.15 13:22:53 INFO  Attempting to connect to the build server...
2025.10.15 13:22:53 INFO  Found a Bloop server running
2025.10.15 13:22:53 INFO  tracing is disabled for protocol BSP, to enable tracing of incoming and outgoing JSON messages create an empty file at /home/grottenolm/HTWG/se/durak_ronny/.metals/bsp.trace.json or /home/grottenolm/.cache/metals/bsp.trace.json
2025.10.15 13:22:53 INFO  Attempting to connect to the build server...
2025.10.15 13:22:53 INFO  Found a Bloop server running
2025.10.15 13:22:53 INFO  tracing is disabled for protocol BSP, to enable tracing of incoming and outgoing JSON messages create an empty file at /home/grottenolm/HTWG/se/durak_ronny/project/.metals/bsp.trace.json or /home/grottenolm/.cache/metals/bsp.trace.json
2025.10.15 13:22:53 INFO  time: Connected to build server in 0.38s
2025.10.15 13:22:53 INFO  Connected to Build server: Bloop v2.0.13
2025.10.15 13:22:53 INFO  time: Imported build in 0.12s
Okt. 15, 2025 1:22:55 PM org.eclipse.lsp4j.jsonrpc.RemoteEndpoint handleCancellation
WARNUNG: Unmatched cancel notification for request id 2
2025.10.15 13:22:56 WARN  Could not find java sources in /usr/lib/jvm/src.zip, /usr/lib/jvm/lib/src.zip, /usr/lib/jvm/java-25-openjdk/src.zip, /usr/lib/jvm/java-25-openjdk/lib/src.zip. Java symbols will not be available.
2025.10.15 13:22:56 INFO  time: indexed workspace in 2.1s
Okt. 15, 2025 1:23:18 PM org.eclipse.lsp4j.jsonrpc.RemoteEndpoint handleCancellation
WARNUNG: Unmatched cancel notification for request id 27
2025.10.15 13:24:48 INFO  time: evaluated worksheet 'durak.worksheet.sc' in 1.09s
2025.10.15 13:29:28 INFO  Shutting down server
2025.10.15 13:29:28 INFO  shutting down Metals
2025.10.15 13:29:28 INFO  Shut down connection with build server.
2025.10.15 13:29:28 INFO  Shut down connection with build server.
2025.10.15 13:29:28 INFO  Exiting server
2025.10.15 13:30:31 INFO  Started: Metals version 1.6.2 in folders '/home/grottenolm/HTWG/se/durak_ronny' for client Neovim 0.11.4+v0.11.4.[0m
2025.10.15 13:30:31 INFO  no build target found for /home/grottenolm/HTWG/se/durak_ronny/src/main/scala/DurakApp.scala. Using presentation compiler with project's scala-library version: 3.3.6[0m
2025.10.15 13:30:31 INFO  Attempting to connect to the build server...[0m
2025.10.15 13:30:31 INFO  Found a Bloop server running[0m
2025.10.15 13:30:32 INFO  tracing is disabled for protocol BSP, to enable tracing of incoming and outgoing JSON messages create an empty file at /home/grottenolm/HTWG/se/durak_ronny/.metals/bsp.trace.json or /home/grottenolm/.cache/metals/bsp.trace.json[0m
2025.10.15 13:30:32 INFO  Attempting to connect to the build server...[0m
2025.10.15 13:30:32 INFO  Found a Bloop server running[0m
2025.10.15 13:30:32 INFO  tracing is disabled for protocol BSP, to enable tracing of incoming and outgoing JSON messages create an empty file at /home/grottenolm/HTWG/se/durak_ronny/project/.metals/bsp.trace.json or /home/grottenolm/.cache/metals/bsp.trace.json[0m
2025.10.15 13:30:32 INFO  time: Connected to build server in 0.36s[0m
2025.10.15 13:30:32 INFO  Connected to Build server: Bloop v2.0.13[0m
2025.10.15 13:30:34 WARN  Could not find java sources in /usr/lib/jvm/src.zip, /usr/lib/jvm/lib/src.zip, /usr/lib/jvm/java-25-openjdk/src.zip, /usr/lib/jvm/java-25-openjdk/lib/src.zip. Java symbols will not be available.[0m
2025.10.15 13:30:34 INFO  time: indexed workspace in 1.91s[0m
Okt. 15, 2025 1:30:34 PM org.eclipse.lsp4j.jsonrpc.RemoteEndpoint handleCancellation
WARNUNG: Unmatched cancel notification for request id 2
2025.10.15 13:35:18 INFO  compiling root (1 scala source)[0m
2025.10.15 13:35:22 INFO  time: compiled root in 3.93s[0m
2025.10.15 15:05:49 INFO  Started: Metals version 1.6.2 in folders '/home/grottenolm/HTWG/se/durak_ronny' for client Code - OSS 1.105.0.
2025.10.15 15:05:49 INFO  no build target found for /home/grottenolm/HTWG/se/durak_ronny/src/main/scala/durak.worksheet.sc. Using presentation compiler with project's scala-library version: 3.3.6
2025.10.15 15:05:49 INFO  Attempting to connect to the build server...
2025.10.15 15:05:49 INFO  Found a Bloop server running
2025.10.15 15:05:50 INFO  tracing is disabled for protocol BSP, to enable tracing of incoming and outgoing JSON messages create an empty file at /home/grottenolm/HTWG/se/durak_ronny/.metals/bsp.trace.json or /home/grottenolm/.cache/metals/bsp.trace.json
2025.10.15 15:05:50 INFO  Attempting to connect to the build server...
2025.10.15 15:05:50 INFO  Found a Bloop server running
2025.10.15 15:05:50 INFO  tracing is disabled for protocol BSP, to enable tracing of incoming and outgoing JSON messages create an empty file at /home/grottenolm/HTWG/se/durak_ronny/project/.metals/bsp.trace.json or /home/grottenolm/.cache/metals/bsp.trace.json
2025.10.15 15:05:50 INFO  time: Connected to build server in 0.44s
2025.10.15 15:05:50 INFO  Connected to Build server: Bloop v2.0.13
2025.10.15 15:05:50 INFO  time: Imported build in 0.2s
2025.10.15 15:05:53 WARN  Could not find java sources in /usr/lib/jvm/src.zip, /usr/lib/jvm/lib/src.zip, /usr/lib/jvm/java-25-openjdk/src.zip, /usr/lib/jvm/java-25-openjdk/lib/src.zip. Java symbols will not be available.
2025.10.15 15:05:53 INFO  time: indexed workspace in 3.15s
2025.10.15 15:05:56 INFO  time: evaluated worksheet 'durak.worksheet.sc' in 5.26s
2025.10.15 15:05:57 INFO  time: evaluated worksheet 'durak.worksheet.sc' in 1s
2025.10.15 15:05:57 INFO  time: evaluated worksheet 'durak.worksheet.sc' in 0.95s
2025.10.15 15:09:27 INFO  Shutting down server
2025.10.15 15:09:27 INFO  shutting down Metals
2025.10.15 15:09:27 INFO  Shut down connection with build server.
2025.10.15 15:09:27 INFO  Shut down connection with build server.
2025.10.15 15:09:27 INFO  Exiting server
2025.10.15 15:09:34 INFO  Shutting down server[0m
2025.10.15 15:09:34 INFO  shutting down Metals[0m
2025.10.15 15:09:34 INFO  Shut down connection with build server.[0m
2025.10.15 15:09:34 INFO  Shut down connection with build server.[0m
2025.10.17 08:08:36 INFO  Started: Metals version 1.6.2 in folders '/home/grottenolm/HTWG/se/durak_ronny' for client Code - OSS 1.105.0.
2025.10.17 08:08:37 INFO  no build target found for /home/grottenolm/HTWG/se/durak_ronny/src/main/scala/DurakApp.scala. Using presentation compiler with project's scala-library version: 3.3.6
2025.10.17 08:08:37 INFO  Attempting to connect to the build server...
2025.10.17 08:08:37 INFO  No running Bloop server found, starting one.
2025.10.17 08:08:38 INFO  Starting compilation server
2025.10.17 08:08:40 INFO  tracing is disabled for protocol BSP, to enable tracing of incoming and outgoing JSON messages create an empty file at /home/grottenolm/HTWG/se/durak_ronny/.metals/bsp.trace.json or /home/grottenolm/.cache/metals/bsp.trace.json
2025.10.17 08:08:40 INFO  Attempting to connect to the build server...
2025.10.17 08:08:40 INFO  Found a Bloop server running
2025.10.17 08:08:40 INFO  tracing is disabled for protocol BSP, to enable tracing of incoming and outgoing JSON messages create an empty file at /home/grottenolm/HTWG/se/durak_ronny/project/.metals/bsp.trace.json or /home/grottenolm/.cache/metals/bsp.trace.json
2025.10.17 08:08:40 INFO  time: Connected to build server in 3.59s
2025.10.17 08:08:40 INFO  Connected to Build server: Bloop v2.0.13
2025.10.17 08:08:41 INFO  time: Imported build in 0.15s
2025.10.17 08:08:42 WARN  Could not find java sources in /usr/lib/jvm/src.zip, /usr/lib/jvm/lib/src.zip, /usr/lib/jvm/java-25-openjdk/src.zip, /usr/lib/jvm/java-25-openjdk/lib/src.zip. Java symbols will not be available.
2025.10.17 08:08:42 INFO  time: indexed workspace in 2.33s
2025.10.17 08:18:09 INFO  compiling root (1 scala source)
2025.10.17 08:18:13 INFO  time: compiled root in 3.44s
2025.10.17 08:18:40 INFO  time: compiled root in 8ms
2025.10.17 08:18:52 INFO  compiling root (1 scala source)
2025.10.17 08:18:52 INFO  time: compiled root in 0.84s
2025.10.17 08:19:19 INFO  time: compiled root in 5ms
2025.10.17 08:19:46 INFO  compiling root (1 scala source)
2025.10.17 08:19:46 INFO  time: compiled root in 0.64s
2025.10.17 08:20:05 INFO  compiling root (1 scala source)
2025.10.17 08:20:05 INFO  time: compiled root in 0.47s
2025.10.17 08:20:10 INFO  time: compiled root in 4ms
2025.10.17 08:22:06 INFO  compiling root (1 scala source)
2025.10.17 08:22:06 INFO  time: compiled root in 0.33s
2025.10.17 08:22:14 INFO  compiling root (1 scala source)
2025.10.17 08:22:16 INFO  time: compiled root in 1.96s
2025.10.17 08:22:25 INFO  compiling root (1 scala source)
2025.10.17 08:22:25 INFO  time: compiled root in 0.81s
2025.10.17 08:22:49 INFO  compiling root (1 scala source)
2025.10.17 08:22:49 INFO  time: compiled root in 0.66s
2025.10.17 08:22:56 INFO  compiling root (1 scala source)
2025.10.17 08:22:56 INFO  time: compiled root in 0.57s
2025.10.17 08:23:15 INFO  compiling root (1 scala source)
2025.10.17 08:23:15 INFO  time: compiled root in 0.51s
2025.10.17 08:26:00 INFO  compiling root (1 scala source)
2025.10.17 08:26:02 INFO  time: compiled root in 2.08s
2025.10.17 08:30:34 INFO  time: evaluated worksheet 'durak.worksheet.sc' in 1.57s
2025.10.17 08:30:40 INFO  time: evaluated worksheet 'durak.worksheet.sc' in 1.05s
Okt. 17, 2025 8:37:23 AM org.eclipse.lsp4j.jsonrpc.RemoteEndpoint handleCancellation
WARNUNG: Unmatched cancel notification for request id 1447
2025.10.17 08:45:18 INFO  skipping build import with status 'Installed'
